Success (1):
content 2321 _a-0000db6e-fe7e-8000-23cd-010000010000_3645 "EXTRA_PATCH_OBJECT"

Referenced precedents that were not exported (1):
content 2278 _a-0000db6d-fe6f-8000-fb7f-010000010000_1609

Trace:
2015-07-24 18:56:38.865 DEBUG content 2321 _a-0000db6e-fe7e-8000-23cd-010000010000_3645 Begin transport.
2015-07-24 18:56:38.865 DEBUG content 2321 _a-0000db6e-fe7e-8000-23cd-010000010000_3645 Retrieving object data.
2015-07-24 18:56:38.872 DEBUG content 2321 _a-0000db6e-fe7e-8000-23cd-010000010000_3645 Setting uuids of object references.
2015-07-24 18:56:38.872 DEBUG content 2321 _a-0000db6e-fe7e-8000-23cd-010000010000_3645 Processing reference: [Content:id=2321,versionId=-1,name=EXTRA_PATCH_OBJECT,description=,type=32,subtype=0,uuid=_a-0000db6e-fe7e-8000-23cd-010000010000_3645,parent=2278,parentName=No DDL,parentType=2,log=2321,logName=EXTRA_PATCH_OBJECT,state=255,visibility=35,security=143,creator=Administrator,createdTimestamp=2015-07-24 18:54:09.0,updatedTimestamp=2015-07-24 18:54:09.0,size=0,lockedBy=,changesRequireApproval=false,attributes={system=0, hidden=0, ruletype=0, multiple=0, value=The rain in spain..., returnType=3},partition=3,partitionName=/usr/local/appian/ae/_admin/accdocs3]
2015-07-24 18:56:38.873 DEBUG content 2321 _a-0000db6e-fe7e-8000-23cd-010000010000_3645 Processing reference: Constant.forum
2015-07-24 18:56:38.873 DEBUG content 2321 _a-0000db6e-fe7e-8000-23cd-010000010000_3645 Processing reference: Constant.parent
2015-07-24 18:56:38.875 DEBUG content 2321 _a-0000db6e-fe7e-8000-23cd-010000010000_3645 Processing reference: com.appiancorp.suiteapi.content.ContentRoleMap@7cf53f18[
  ContentRole[name=readers,inherit=true,allowForAll=false]
  ContentRole[name=authors,inherit=true,allowForAll=false]
  ContentRole[name=administrators,usernames=[Administrator],inherit=true,allowForAll=false]
  ContentRole[name=denyReaders,inherit=false,allowForAll=false]
  ContentRole[name=denyAuthors,inherit=false,allowForAll=false]
  ContentRole[name=denyAdministrators,inherit=false,allowForAll=false]
  securityVector=143:SEC_PUBLIC=true,SEC_CREATOR_ADMIN=true,SEC_INH_ADMIN=true,SEC_INH_EDITOR=true,SEC_INH_VIEWER=true,SEC_ALL_ADMIN=false,SEC_ALL_EDITOR=false,SEC_ALL_VIEWER=false
]
2015-07-24 18:56:38.875 DEBUG content 2321 _a-0000db6e-fe7e-8000-23cd-010000010000_3645 Processing reference: ContentRole[name=readers,inherit=true,allowForAll=false]
2015-07-24 18:56:38.875 DEBUG content 2321 _a-0000db6e-fe7e-8000-23cd-010000010000_3645 Processing reference: ContentRole[name=authors,inherit=true,allowForAll=false]
2015-07-24 18:56:38.875 DEBUG content 2321 _a-0000db6e-fe7e-8000-23cd-010000010000_3645 Processing reference: ContentRole[name=administrators,usernames=[Administrator],inherit=true,allowForAll=false]
2015-07-24 18:56:38.876 DEBUG content 2321 _a-0000db6e-fe7e-8000-23cd-010000010000_3645 Processing reference: ContentRole[name=denyReaders,inherit=false,allowForAll=false]
2015-07-24 18:56:38.876 DEBUG content 2321 _a-0000db6e-fe7e-8000-23cd-010000010000_3645 Processing reference: ContentRole[name=denyAuthors,inherit=false,allowForAll=false]
2015-07-24 18:56:38.876 DEBUG content 2321 _a-0000db6e-fe7e-8000-23cd-010000010000_3645 Processing reference: ContentRole[name=denyAdministrators,inherit=false,allowForAll=false]
2015-07-24 18:56:38.876 DEBUG content 2321 _a-0000db6e-fe7e-8000-23cd-010000010000_3645 Exporting binary resources.
2015-07-24 18:56:38.876 DEBUG content 2321 _a-0000db6e-fe7e-8000-23cd-010000010000_3645 Serializing object to XML.
2015-07-24 18:56:38.879 DEBUG content 2321 _a-0000db6e-fe7e-8000-23cd-010000010000_3645 Object transported. 